#
# A fatal error has been detected by the Java Runtime Environment:
#
#  EXCEPTION_ACCESS_VIOLATION (0xc0000005) at pc=0x000000000509fe47, pid=668, tid=0x0000000000001a8c
#
# JRE version: OpenJDK Runtime Environment (8.0_152-b01) (build 1.8.0_152-release-1343-b01)
# Java VM: OpenJDK 64-Bit Server VM (25.152-b01 mixed mode windows-amd64 compressed oops)
# Problematic frame:
# J 18124 C1 org.gradle.api.internal.changedetection.state.CacheBackedTaskHistoryRepository.createExecution(Lorg/gradle/api/internal/TaskInternal;Lorg/gradle/api/internal/changedetection/state/HistoricalTaskExecution;Lorg/gradle/normalization/internal/InputNormalizationStrategy;)Lorg/gradle/api/internal/changedetection/state/CurrentTaskExecution; (272 bytes) @ 0x000000000509fe47 [0x000000000509e580+0x18c7]
#
# Failed to write core dump. Minidumps are not enabled by default on client versions of Windows
#
# If you would like to submit a bug report, please visit:
#   http://bugreport.java.com/bugreport/crash.jsp
#

---------------  T H R E A D  ---------------

Current thread (0x000000001c5fd000):  JavaThread "Task worker for ':' Thread 3" [_thread_in_Java, id=6796, stack(0x00000000253f0000,0x00000000254f0000)]

siginfo: ExceptionCode=0xc0000005, writing address 0x000000014bd48538

Registers:
RAX=0x00000000da554538, RBX=0x00000000004da238, RCX=0x0000000000000000, RDX=0x00000000006d2aa2
RSP=0x00000000254ee100, RBP=0x00000000da54ee10, RSI=0x00000000da554880, RDI=0x00000000da0714d8
R8 =0x00000000800f0000, R9 =0x00000000000000f6, R10=0x00000000812f29a0, R11=0x00000000259c07ed
R12=0x0000000000000000, R13=0x00000000612d656c, R14=0x0000000000000000, R15=0x000000001c5fd000
RIP=0x000000000509fe47, EFLAGS=0x0000000000010203

Top of Stack: (sp=0x00000000254ee100)
0x00000000254ee100:   0000000000ba00b8 000000001905a2d0
0x00000000254ee110:   00000000254ee270 0000000000000000
0x00000000254ee120:   0000000000000012 00007fff97cd8f8e
0x00000000254ee130:   0000000000750000 0000000000000000
0x00000000254ee140:   0000000000750cf0 0000000000000003
0x00000000254ee150:   000000ba00000100 000000ba00000000
0x00000000254ee160:   000000000000005c 0000000000000009
0x00000000254ee170:   0000000000120000 00000000254ee2f8
0x00000000254ee180:   0000000000000000 0000000000000000
0x00000000254ee190:   0000000000000000 0000000000000000
0x00000000254ee1a0:   0000001200000003 00007fff97cdb6f7
0x00000000254ee1b0:   0000000000750000 00000009000000b8
0x00000000254ee1c0:   00000000000000c4 0000000000000000
0x00000000254ee1d0:   00000000254ee2f0 0000000000000000
0x00000000254ee1e0:   0000000080449a08 00000000038f110c
0x00000000254ee1f0:   0000000081d19620 00000000351987c5 

Instructions: (pc=0x000000000509fe47)
0x000000000509fe27:   fb 00 0f 84 75 20 00 00 4c 8b d2 44 89 50 0c 48
0x000000000509fe37:   8b d0 48 c1 ea 09 49 b8 00 00 0f 11 00 00 00 00
0x000000000509fe47:   42 c6 04 02 00 4c 8b d6 44 89 50 10 48 8b d0 48
0x000000000509fe57:   c1 ea 09 42 c6 04 02 00 44 8b 47 14 48 ba 50 3e 


Register to memory mapping:

RAX=0x00000000da554538 is an oop
org.gradle.api.internal.changedetection.state.ImplementationSnapshot 
 - klass: 'org/gradle/api/internal/changedetection/state/ImplementationSnapshot'
RBX=0x00000000004da238 is an unknown value
RCX=0x0000000000000000 is an unknown value
RDX=0x00000000006d2aa2 is an unknown value
RSP=0x00000000254ee100 is pointing into the stack for thread: 0x000000001c5fd000
RBP=0x00000000da54ee10 is an oop
java.lang.String 
 - klass: 'java/lang/String'
RSI=0x00000000da554880 is an oop
org.gradle.internal.hash.HashCode 
 - klass: 'org/gradle/internal/hash/HashCode'
RDI=0x00000000da0714d8 is an oop
org.gradle.api.internal.changedetection.state.CacheBackedTaskHistoryRepository 
 - klass: 'org/gradle/api/internal/changedetection/state/CacheBackedTaskHistoryRepository'
R8 =0x00000000800f0000 is pointing into object: 0x00000000800efff0
java.lang.Class 
 - klass: 'java/lang/Class'
R9 =0x00000000000000f6 is an unknown value
R10=0x00000000812f29a0 is an oop
java.lang.String 
 - klass: 'java/lang/String'
R11=0x00000000259c07ed is pointing into metadata
R12=0x0000000000000000 is an unknown value
R13=0x00000000612d656c is an unknown value
R14=0x0000000000000000 is an unknown value
R15=0x000000001c5fd000 is a thread


Stack: [0x00000000253f0000,0x00000000254f0000],  sp=0x00000000254ee100,  free space=1016k
Native frames: (J=compiled Java code, j=interpreted, Vv=VM code, C=native code)
C  0x000000000509fe47


---------------  P R O C E S S  ---------------

Java Threads: ( => current thread )
=>0x000000001c5fd000 JavaThread "Task worker for ':' Thread 3" [_thread_in_Java, id=6796, stack(0x00000000253f0000,0x00000000254f0000)]
  0x000000001c5fc000 JavaThread "Task worker for ':' Thread 2" [_thread_in_native, id=6624, stack(0x0000000024ab0000,0x0000000024bb0000)]
  0x000000001fb16000 JavaThread "Task worker for ':'" [_thread_in_Java, id=7184, stack(0x00000000245b0000,0x00000000246b0000)]
  0x000000001fb18000 JavaThread "Cache worker for Build Output Cleanup Cache (D:\uvcCameraTest\UVCCamera\.gradle\buildOutputCleanup)" [_thread_blocked, id=7516, stack(0x0000000024210000,0x0000000024310000)]
  0x000000001fb14800 JavaThread "Cache worker for task history cache (D:\uvcCameraTest\UVCCamera\.gradle\4.4\taskHistory)" [_thread_blocked, id=6072, stack(0x0000000023f10000,0x0000000024010000)]
  0x000000001fb17800 JavaThread "Cache worker for file content cache (D:\uvcCameraTest\UVCCamera\.gradle\4.4\fileContent)" [_thread_blocked, id=4888, stack(0x0000000023810000,0x0000000023910000)]
  0x000000001fb15000 JavaThread "build operations Thread 4" [_thread_blocked, id=5580, stack(0x0000000020de0000,0x0000000020ee0000)]
  0x000000001fb16800 JavaThread "build operations Thread 3" [_thread_blocked, id=6032, stack(0x0000000020ce0000,0x0000000020de0000)]
  0x000000001fb11800 JavaThread "build operations Thread 2" [_thread_blocked, id=7576, stack(0x0000000020be0000,0x0000000020ce0000)]
  0x000000001fb13000 JavaThread "build operations" [_thread_blocked, id=3684, stack(0x000000001f5d0000,0x000000001f6d0000)]
  0x000000001fb0f000 JavaThread "Cache worker for Artifact transforms cache (C:\Users\home\.gradle\caches\transforms-1)" [_thread_blocked, id=6680, stack(0x000000001f240000,0x000000001f340000)]
  0x000000001fb0d800 JavaThread "Cache worker for file hash cache (D:\uvcCameraTest\UVCCamera\.gradle\4.4\fileHashes)" [_thread_blocked, id=7348, stack(0x000000001db70000,0x000000001dc70000)]
  0x000000001fb10800 JavaThread "Stdin handler" [_thread_blocked, id=7224, stack(0x000000001b6d0000,0x000000001b7d0000)]
  0x000000001fb10000 JavaThread "Asynchronous log dispatcher for DefaultDaemonConnection: socket connection from /127.0.0.1:54623 to /127.0.0.1:51219" [_thread_blocked, id=6968, stack(0x000000001b5d0000,0x000000001b6d0000)]
  0x000000001fb0e800 JavaThread "Daemon worker Thread 18" [_thread_blocked, id=7460, stack(0x000000001b4d0000,0x000000001b5d0000)]
  0x000000001fb09000 JavaThread "Cancel handler" [_thread_blocked, id=7304, stack(0x000000001b3d0000,0x000000001b4d0000)]
  0x000000001fb0c000 JavaThread "Handler for socket connection from /127.0.0.1:54623 to /127.0.0.1:51219" [_thread_in_native, id=4496, stack(0x000000001b0d0000,0x000000001b1d0000)]
  0x000000001fb0b800 JavaThread "Daemon Thread 18" [_thread_blocked, id=7820, stack(0x000000001afd0000,0x000000001b0d0000)]
  0x000000001fb13800 JavaThread "pool-97-thread-4" [_thread_blocked, id=7140, stack(0x0000000027ec0000,0x0000000027fc0000)]
  0x000000001fb12000 JavaThread "pool-97-thread-3" [_thread_blocked, id=8156, stack(0x0000000026600000,0x0000000026700000)]
  0x000000001c603000 JavaThread "pool-97-thread-2" [_thread_blocked, id=4928, stack(0x0000000026500000,0x0000000026600000)]
  0x000000001c602000 JavaThread "pool-97-thread-1" [_thread_blocked, id=6184, stack(0x0000000026400000,0x0000000026500000)]
  0x000000001d945800 JavaThread "MarlinRenderer Disposer" daemon [_thread_blocked, id=1904, stack(0x0000000027bc0000,0x0000000027cc0000)]
  0x000000001d947000 JavaThread "Java2D Disposer" daemon [_thread_blocked, id=5656, stack(0x0000000027ac0000,0x0000000027bc0000)]
  0x000000001a17f800 JavaThread "Memory manager" [_thread_blocked, id=2752, stack(0x0000000020ee0000,0x0000000020fe0000)]
  0x000000001a41a000 JavaThread "File lock request listener" [_thread_in_native, id=5824, stack(0x000000001caa0000,0x000000001cba0000)]
  0x0000000019ec8000 JavaThread "Cache worker for file hash cache (C:\Users\home\.gradle\caches\4.4\fileHashes)" [_thread_blocked, id=6604, stack(0x000000001c9a0000,0x000000001caa0000)]
  0x0000000019dd3000 JavaThread "Daemon periodic checks" [_thread_blocked, id=8016, stack(0x000000001aed0000,0x000000001afd0000)]
  0x0000000019dd1000 JavaThread "Incoming local TCP Connector on port 54623" [_thread_in_native, id=5716, stack(0x000000001a9d0000,0x000000001aad0000)]
  0x0000000016dad800 JavaThread "Service Thread" daemon [_thread_blocked, id=6564, stack(0x0000000018b20000,0x0000000018c20000)]
  0x0000000016d54800 JavaThread "C1 CompilerThread2" daemon [_thread_blocked, id=3860, stack(0x0000000018620000,0x0000000018720000)]
  0x0000000016d4e000 JavaThread "C2 CompilerThread1" daemon [_thread_blocked, id=1584, stack(0x0000000018520000,0x0000000018620000)]
  0x0000000016d4b000 JavaThread "C2 CompilerThread0" daemon [_thread_blocked, id=5256, stack(0x0000000018420000,0x0000000018520000)]
  0x0000000016d59000 JavaThread "Attach Listener" daemon [_thread_blocked, id=7640, stack(0x0000000018320000,0x0000000018420000)]
  0x0000000016d57800 JavaThread "Signal Dispatcher" daemon [_thread_blocked, id=7260, stack(0x0000000018220000,0x0000000018320000)]
  0x000000000212c000 JavaThread "Finalizer" daemon [_thread_blocked, id=3456, stack(0x0000000017fa0000,0x00000000180a0000)]
  0x0000000002121000 JavaThread "Reference Handler" daemon [_thread_blocked, id=6876, stack(0x0000000017ea0000,0x0000000017fa0000)]
  0x0000000002032800 JavaThread "main" [_thread_blocked, id=5868, stack(0x0000000001ec0000,0x0000000001fc0000)]

Other Threads:
  0x0000000016d15800 VMThread [stack: 0x0000000017da0000,0x0000000017ea0000] [id=5392]
  0x0000000016dae800 WatcherThread [stack: 0x0000000018c20000,0x0000000018d20000] [id=7192]

VM state:not at safepoint (normal execution)

VM Mutex/Monitor currently owned by a thread: None

Heap:
 PSYoungGen      total 243200K, used 119141K [0x00000000d5580000, 0x00000000e7c00000, 0x0000000100000000)
  eden space 183296K, 45% used [0x00000000d5580000,0x00000000da6d05c8,0x00000000e0880000)
  from space 59904K, 59% used [0x00000000e0880000,0x00000000e2b891a0,0x00000000e4300000)
  to   space 57344K, 0% used [0x00000000e4400000,0x00000000e4400000,0x00000000e7c00000)
 ParOldGen       total 252416K, used 62929K [0x0000000080000000, 0x000000008f680000, 0x00000000d5580000)
  object space 252416K, 24% used [0x0000000080000000,0x0000000083d74738,0x000000008f680000)
 Metaspace       used 93351K, capacity 100354K, committed 101504K, reserved 1138688K
  class space    used 11372K, capacity 12694K, committed 12928K, reserved 1048576K

Card table byte_map: [0x00000000114f0000,0x0000000011900000] byte_map_base: 0x00000000110f0000

Marking Bits: (ParMarkBitMap*) 0x00000000573c5aa0
 Begin Bits: [0x0000000011fb0000, 0x0000000013fb0000)
 End Bits:   [0x0000000013fb0000, 0x0000000015fb0000)

Polling page: 0x0000000000770000

CodeCache: size=245760Kb used=85034Kb max_used=85044Kb free=160725Kb
 bounds [0x0000000002130000, 0x00000000074d0000, 0x0000000011130000]
 total_blobs=24092 nmethods=23133 adapters=869
 compilation: enabled

Compilation events (10 events):
Event: 4269.150 Thread 0x0000000016d54800 30144       3       com.android.build.gradle.internal.transforms.InstantRunTransform::getReferencedScopes (17 bytes)
Event: 4269.151 Thread 0x0000000016d54800 nmethod 30144 0x00000000045a81d0 code [0x00000000045a8360, 0x00000000045a8738]
Event: 4269.163 Thread 0x0000000016d54800 30145   !   3       sun.reflect.GeneratedConstructorAccessor280::newInstance (93 bytes)
Event: 4269.163 Thread 0x0000000016d54800 nmethod 30145 0x00000000031507d0 code [0x0000000003150a00, 0x0000000003151688]
Event: 4269.187 Thread 0x0000000016d4b000 30146       4       org.gradle.internal.time.Time::startTimer (11 bytes)
Event: 4269.188 Thread 0x0000000016d54800 30147       1       java.util.Collections$EmptyEnumeration::hasMoreElements (2 bytes)
Event: 4269.188 Thread 0x0000000016d54800 nmethod 30147 0x0000000004122250 code [0x00000000041223a0, 0x00000000041224b0]
Event: 4269.189 Thread 0x0000000016d4b000 nmethod 30146 0x0000000002f4d950 code [0x0000000002f4daa0, 0x0000000002f4db78]
Event: 4269.200 Thread 0x0000000016d54800 30148       3       com.google.common.collect.Ordering::natural (4 bytes)
Event: 4269.201 Thread 0x0000000016d54800 nmethod 30148 0x000000000688d010 code [0x000000000688d160, 0x000000000688d290]

GC Heap History (10 events):
Event: 3991.071 GC heap before
{Heap before GC invocations=51 (full 4):
 PSYoungGen      total 240128K, used 210434K [0x00000000d5580000, 0x00000000e8200000, 0x0000000100000000)
  eden space 177664K, 100% used [0x00000000d5580000,0x00000000e0300000,0x00000000e0300000)
  from space 62464K, 52% used [0x00000000e4500000,0x00000000e65008e8,0x00000000e8200000)
  to   space 65024K, 0% used [0x00000000e0300000,0x00000000e0300000,0x00000000e4280000)
 ParOldGen       total 252416K, used 62897K [0x0000000080000000, 0x000000008f680000, 0x00000000d5580000)
  object space 252416K, 24% used [0x0000000080000000,0x0000000083d6c738,0x000000008f680000)
 Metaspace       used 92908K, capacity 99910K, committed 101248K, reserved 1138688K
  class space    used 11367K, capacity 12686K, committed 12928K, reserved 1048576K
Event: 3991.083 GC heap after
Heap after GC invocations=51 (full 4):
 PSYoungGen      total 242688K, used 12692K [0x00000000d5580000, 0x00000000e8900000, 0x0000000100000000)
  eden space 177664K, 0% used [0x00000000d5580000,0x00000000d5580000,0x00000000e0300000)
  from space 65024K, 19% used [0x00000000e0300000,0x00000000e0f65178,0x00000000e4280000)
  to   space 66560K, 0% used [0x00000000e4800000,0x00000000e4800000,0x00000000e8900000)
 ParOldGen       total 252416K, used 62905K [0x0000000080000000, 0x000000008f680000, 0x00000000d5580000)
  object space 252416K, 24% used [0x0000000080000000,0x0000000083d6e738,0x000000008f680000)
 Metaspace       used 92908K, capacity 99910K, committed 101248K, reserved 1138688K
  class space    used 11367K, capacity 12686K, committed 12928K, reserved 1048576K
}
Event: 4026.104 GC heap before
{Heap before GC invocations=52 (full 4):
 PSYoungGen      total 242688K, used 190356K [0x00000000d5580000, 0x00000000e8900000, 0x0000000100000000)
  eden space 177664K, 100% used [0x00000000d5580000,0x00000000e0300000,0x00000000e0300000)
  from space 65024K, 19% used [0x00000000e0300000,0x00000000e0f65178,0x00000000e4280000)
  to   space 66560K, 0% used [0x00000000e4800000,0x00000000e4800000,0x00000000e8900000)
 ParOldGen       total 252416K, used 62905K [0x0000000080000000, 0x000000008f680000, 0x00000000d5580000)
  object space 252416K, 24% used [0x0000000080000000,0x0000000083d6e738,0x000000008f680000)
 Metaspace       used 93018K, capacity 99996K, committed 101248K, reserved 1138688K
  class space    used 11370K, capacity 12689K, committed 12928K, reserved 1048576K
Event: 4026.138 GC heap after
Heap after GC invocations=52 (full 4):
 PSYoungGen      total 242176K, used 33682K [0x00000000d5580000, 0x00000000e8380000, 0x0000000100000000)
  eden space 181248K, 0% used [0x00000000d5580000,0x00000000d5580000,0x00000000e0680000)
  from space 60928K, 55% used [0x00000000e4800000,0x00000000e68e48d8,0x00000000e8380000)
  to   space 64000K, 0% used [0x00000000e0680000,0x00000000e0680000,0x00000000e4500000)
 ParOldGen       total 252416K, used 62913K [0x0000000080000000, 0x000000008f680000, 0x00000000d5580000)
  object space 252416K, 24% used [0x0000000080000000,0x0000000083d70738,0x000000008f680000)
 Metaspace       used 93018K, capacity 99996K, committed 101248K, reserved 1138688K
  class space    used 11370K, capacity 12689K, committed 12928K, reserved 1048576K
}
Event: 4080.448 GC heap before
{Heap before GC invocations=53 (full 4):
 PSYoungGen      total 242176K, used 214930K [0x00000000d5580000, 0x00000000e8380000, 0x0000000100000000)
  eden space 181248K, 100% used [0x00000000d5580000,0x00000000e0680000,0x00000000e0680000)
  from space 60928K, 55% used [0x00000000e4800000,0x00000000e68e48d8,0x00000000e8380000)
  to   space 64000K, 0% used [0x00000000e0680000,0x00000000e0680000,0x00000000e4500000)
 ParOldGen       total 252416K, used 62913K [0x0000000080000000, 0x000000008f680000, 0x00000000d5580000)
  object space 252416K, 24% used [0x0000000080000000,0x0000000083d70738,0x000000008f680000)
 Metaspace       used 93140K, capacity 100196K, committed 101504K, reserved 1138688K
  class space    used 11370K, capacity 12689K, committed 12928K, reserved 1048576K
Event: 4080.477 GC heap after
Heap after GC invocations=53 (full 4):
 PSYoungGen      total 245248K, used 34279K [0x00000000d5580000, 0x00000000e8100000, 0x0000000100000000)
  eden space 181248K, 0% used [0x00000000d5580000,0x00000000d5580000,0x00000000e0680000)
  from space 64000K, 53% used [0x00000000e0680000,0x00000000e27f9d88,0x00000000e4500000)
  to   space 61440K, 0% used [0x00000000e4500000,0x00000000e4500000,0x00000000e8100000)
 ParOldGen       total 252416K, used 62921K [0x0000000080000000, 0x000000008f680000, 0x00000000d5580000)
  object space 252416K, 24% used [0x0000000080000000,0x0000000083d72738,0x000000008f680000)
 Metaspace       used 93140K, capacity 100196K, committed 101504K, reserved 1138688K
  class space    used 11370K, capacity 12689K, committed 12928K, reserved 1048576K
}
Event: 4176.262 GC heap before
{Heap before GC invocations=54 (full 4):
 PSYoungGen      total 245248K, used 215527K [0x00000000d5580000, 0x00000000e8100000, 0x0000000100000000)
  eden space 181248K, 100% used [0x00000000d5580000,0x00000000e0680000,0x00000000e0680000)
  from space 64000K, 53% used [0x00000000e0680000,0x00000000e27f9d88,0x00000000e4500000)
  to   space 61440K, 0% used [0x00000000e4500000,0x00000000e4500000,0x00000000e8100000)
 ParOldGen       total 252416K, used 62921K [0x0000000080000000, 0x000000008f680000, 0x00000000d5580000)
  object space 252416K, 24% used [0x0000000080000000,0x0000000083d72738,0x000000008f680000)
 Metaspace       used 93183K, capacity 100196K, committed 101504K, reserved 1138688K
  class space    used 11370K, capacity 12689K, committed 12928K, reserved 1048576K
Event: 4176.300 GC heap after
Heap after GC invocations=54 (full 4):
 PSYoungGen      total 241152K, used 31753K [0x00000000d5580000, 0x00000000e7d80000, 0x0000000100000000)
  eden space 183296K, 0% used [0x00000000d5580000,0x00000000d5580000,0x00000000e0880000)
  from space 57856K, 54% used [0x00000000e4500000,0x00000000e64024d0,0x00000000e7d80000)
  to   space 59904K, 0% used [0x00000000e0880000,0x00000000e0880000,0x00000000e4300000)
 ParOldGen       total 252416K, used 62929K [0x0000000080000000, 0x000000008f680000, 0x00000000d5580000)
  object space 252416K, 24% used [0x0000000080000000,0x0000000083d74738,0x000000008f680000)
 Metaspace       used 93183K, capacity 100196K, committed 101504K, reserved 1138688K
  class space    used 11370K, capacity 12689K, committed 12928K, reserved 1048576K
}
Event: 4179.934 GC heap before
{Heap before GC invocations=55 (full 4):
 PSYoungGen      total 241152K, used 215049K [0x00000000d5580000, 0x00000000e7d80000, 0x0000000100000000)
  eden space 183296K, 100% used [0x00000000d5580000,0x00000000e0880000,0x00000000e0880000)
  from space 57856K, 54% used [0x00000000e4500000,0x00000000e64024d0,0x00000000e7d80000)
  to   space 59904K, 0% used [0x00000000e0880000,0x00000000e0880000,0x00000000e4300000)
 ParOldGen       total 252416K, used 62929K [0x0000000080000000, 0x000000008f680000, 0x00000000d5580000)
  object space 252416K, 24% used [0x0000000080000000,0x0000000083d74738,0x000000008f680000)
 Metaspace       used 93319K, capacity 100324K, committed 101504K, reserved 1138688K
  class space    used 11370K, capacity 12689K, committed 12928K, reserved 1048576K
Event: 4179.961 GC heap after
Heap after GC invocations=55 (full 4):
 PSYoungGen      total 243200K, used 35876K [0x00000000d5580000, 0x00000000e7c00000, 0x0000000100000000)
  eden space 183296K, 0% used [0x00000000d5580000,0x00000000d5580000,0x00000000e0880000)
  from space 59904K, 59% used [0x00000000e0880000,0x00000000e2b891a0,0x00000000e4300000)
  to   space 57344K, 0% used [0x00000000e4400000,0x00000000e4400000,0x00000000e7c00000)
 ParOldGen       total 252416K, used 62929K [0x0000000080000000, 0x000000008f680000, 0x00000000d5580000)
  object space 252416K, 24% used [0x0000000080000000,0x0000000083d74738,0x000000008f680000)
 Metaspace       used 93319K, capacity 100324K, committed 101504K, reserved 1138688K
  class space    used 11370K, capacity 12689K, committed 12928K, reserved 1048576K
}

Deoptimization events (10 events):
Event: 4023.622 Thread 0x000000001c5fd800 Uncommon trap: reason=null_check action=make_not_entrant pc=0x00000000070ab4f0 method=com.google.gson.internal.bind.TypeAdapters$35.create(Lcom/google/gson/Gson;Lcom/google/gson/reflect/TypeToken;)Lcom/google/gson/TypeAdapter; @ 10
Event: 4027.390 Thread 0x000000001c5fd800 Uncommon trap: reason=class_check action=maybe_recompile pc=0x0000000005c224d0 method=org.objectweb.asm.ClassReader.a(Lorg/objectweb/asm/MethodVisitor;Lorg/objectweb/asm/Context;I)V @ 2025
Event: 4027.488 Thread 0x000000001c5fd800 Uncommon trap: reason=class_check action=maybe_recompile pc=0x00000000044c941c method=org.objectweb.asm.ClassReader.a(Lorg/objectweb/asm/MethodVisitor;Lorg/objectweb/asm/Context;I)V @ 2214
Event: 4027.488 Thread 0x000000001c5fd800 Uncommon trap: reason=class_check action=maybe_recompile pc=0x00000000044c88b0 method=org.objectweb.asm.ClassReader.a(Lorg/objectweb/asm/MethodVisitor;Lorg/objectweb/asm/Context;I)V @ 1799
Event: 4027.516 Thread 0x000000001fb0c000 Uncommon trap: reason=class_check action=maybe_recompile pc=0x00000000048f463c method=com.google.common.base.Joiner.toString(Ljava/lang/Object;)Ljava/lang/CharSequence; @ 6
Event: 4078.147 Thread 0x000000001c5fd800 Uncommon trap: reason=null_check action=make_not_entrant pc=0x0000000007257b3c method=org.gradle.api.internal.project.taskfactory.InputPropertyAnnotationHandler.attachActions(Lorg/gradle/api/internal/project/taskfactory/TaskPropertyActionContext;)V @ 26
Event: 4080.425 Thread 0x000000001d94b000 Uncommon trap: reason=unstable_if action=reinterpret pc=0x00000000060831b4 method=java.util.concurrent.ConcurrentHashMap.putVal(Ljava/lang/Object;Ljava/lang/Object;Z)Ljava/lang/Object; @ 147
Event: 4081.091 Thread 0x000000001d942800 Uncommon trap: reason=unstable_if action=reinterpret pc=0x00000000070426c0 method=java.math.MutableBigInteger.divideMagnitude(Ljava/math/MutableBigInteger;Ljava/math/MutableBigInteger;Z)Ljava/math/MutableBigInteger; @ 346
Event: 4179.751 Thread 0x000000001fb0d800 Uncommon trap: reason=class_check action=maybe_recompile pc=0x00000000048f463c method=com.google.common.base.Joiner.toString(Ljava/lang/Object;)Ljava/lang/CharSequence; @ 6
Event: 4179.805 Thread 0x000000001fb16000 Uncommon trap: reason=class_check action=maybe_recompile pc=0x0000000006cedee4 method=com.android.dx.ssa.NormalSsaInsn.accept(Lcom/android/dx/ssa/SsaInsn$Visitor;)V @ 9

Classes redefined (0 events):
No events

Internal exceptions (10 events):
Event: 4269.157 Thread 0x000000001fb0e800 Exception <a 'sun/nio/fs/WindowsException'> (0x00000000d9a1f270) thrown at [D:\src\AOSP-openjdk-cygwin\jdk8u\hotspot\src\share\vm\prims\jni.cpp, line 709]
Event: 4269.157 Thread 0x000000001fb0e800 Exception <a 'sun/nio/fs/WindowsException'> (0x00000000d9a20348) thrown at [D:\src\AOSP-openjdk-cygwin\jdk8u\hotspot\src\share\vm\prims\jni.cpp, line 709]
Event: 4269.157 Thread 0x000000001fb0e800 Exception <a 'sun/nio/fs/WindowsException'> (0x00000000d9a214d0) thrown at [D:\src\AOSP-openjdk-cygwin\jdk8u\hotspot\src\share\vm\prims\jni.cpp, line 709]
Event: 4269.157 Thread 0x000000001fb0e800 Exception <a 'sun/nio/fs/WindowsException'> (0x00000000d9a225a0) thrown at [D:\src\AOSP-openjdk-cygwin\jdk8u\hotspot\src\share\vm\prims\jni.cpp, line 709]
Event: 4269.157 Thread 0x000000001fb0e800 Exception <a 'sun/nio/fs/WindowsException'> (0x00000000d9a29518) thrown at [D:\src\AOSP-openjdk-cygwin\jdk8u\hotspot\src\share\vm\prims\jni.cpp, line 709]
Event: 4269.157 Thread 0x000000001fb0e800 Exception <a 'sun/nio/fs/WindowsException'> (0x00000000d9a2a5f8) thrown at [D:\src\AOSP-openjdk-cygwin\jdk8u\hotspot\src\share\vm\prims\jni.cpp, line 709]
Event: 4269.157 Thread 0x000000001fb0e800 Exception <a 'sun/nio/fs/WindowsException'> (0x00000000d9a2be68) thrown at [D:\src\AOSP-openjdk-cygwin\jdk8u\hotspot\src\share\vm\prims\jni.cpp, line 709]
Event: 4269.157 Thread 0x000000001fb0e800 Exception <a 'sun/nio/fs/WindowsException'> (0x00000000d9a2cf40) thrown at [D:\src\AOSP-openjdk-cygwin\jdk8u\hotspot\src\share\vm\prims\jni.cpp, line 709]
Event: 4269.157 Thread 0x000000001fb0e800 Exception <a 'sun/nio/fs/WindowsException'> (0x00000000d9a2e0c8) thrown at [D:\src\AOSP-openjdk-cygwin\jdk8u\hotspot\src\share\vm\prims\jni.cpp, line 709]
Event: 4269.157 Thread 0x000000001fb0e800 Exception <a 'sun/nio/fs/WindowsException'> (0x00000000d9a2f198) thrown at [D:\src\AOSP-openjdk-cygwin\jdk8u\hotspot\src\share\vm\prims\jni.cpp, line 709]

Events (10 events):
Event: 4269.193 Executing VM operation: RevokeBias
Event: 4269.193 Executing VM operation: RevokeBias done
Event: 4269.193 Executing VM operation: RevokeBias
Event: 4269.193 Executing VM operation: RevokeBias done
Event: 4269.194 Executing VM operation: RevokeBias
Event: 4269.194 Executing VM operation: RevokeBias done
Event: 4269.196 Executing VM operation: RevokeBias
Event: 4269.196 Executing VM operation: RevokeBias done
Event: 4269.210 Executing VM operation: RevokeBias
Event: 4269.210 Executing VM operation: RevokeBias done


Dynamic libraries:
0x00007ff64a1a0000 - 0x00007ff64a1d1000 	D:\AS\jre\bin\java.exe
0x00007fff97cb0000 - 0x00007fff97e5c000 	C:\Windows\SYSTEM32\ntdll.dll
0x00007fff955c0000 - 0x00007fff956fe000 	C:\Windows\system32\KERNEL32.DLL
0x00007fff95110000 - 0x00007fff95225000 	C:\Windows\system32\KERNELBASE.dll
0x00007fff95970000 - 0x00007fff95a1a000 	C:\Windows\system32\ADVAPI32.dll
0x00007fff96600000 - 0x00007fff96777000 	C:\Windows\system32\USER32.dll
0x00007fff93bb0000 - 0x00007fff93e2b000 	C:\Windows\WinSxS\amd64_microsoft.windows.common-controls_6595b64144ccf1df_6.0.9600.17415_none_6240486fecbd8abb\COMCTL32.dll
0x00007fff963b0000 - 0x00007fff9645a000 	C:\Windows\system32\msvcrt.dll
0x00007fff95850000 - 0x00007fff958a9000 	C:\Windows\SYSTEM32\sechost.dll
0x00007fff96250000 - 0x00007fff96391000 	C:\Windows\system32\RPCRT4.dll
0x00007fff95f40000 - 0x00007fff96091000 	C:\Windows\system32\GDI32.dll
0x00007fff96460000 - 0x00007fff96496000 	C:\Windows\system32\IMM32.DLL
0x00007fff964a0000 - 0x00007fff965f3000 	C:\Windows\system32\MSCTF.dll
0x0000000051a50000 - 0x0000000051b22000 	D:\AS\jre\jre\bin\msvcr100.dll
0x0000000056c00000 - 0x0000000057441000 	D:\AS\jre\jre\bin\server\jvm.dll
0x00007fff864b0000 - 0x00007fff864b9000 	C:\Windows\SYSTEM32\WSOCK32.dll
0x00007fff92fc0000 - 0x00007fff92fe2000 	C:\Windows\SYSTEM32\WINMM.dll
0x00007fff92b00000 - 0x00007fff92b0a000 	C:\Windows\SYSTEM32\VERSION.dll
0x00007fff95700000 - 0x00007fff95707000 	C:\Windows\system32\PSAPI.DLL
0x00007fff95a20000 - 0x00007fff95a7a000 	C:\Windows\system32\WS2_32.dll
0x00007fff92f30000 - 0x00007fff92f5a000 	C:\Windows\SYSTEM32\WINMMBASE.dll
0x00007fff95770000 - 0x00007fff95779000 	C:\Windows\system32\NSI.dll
0x00007fff95230000 - 0x00007fff9527f000 	C:\Windows\SYSTEM32\cfgmgr32.dll
0x00007fff93750000 - 0x00007fff93778000 	C:\Windows\SYSTEM32\DEVOBJ.dll
0x00007fff85b80000 - 0x00007fff85b8f000 	D:\AS\jre\jre\bin\verify.dll
0x00007fff82e70000 - 0x00007fff82e99000 	D:\AS\jre\jre\bin\java.dll
0x00007fff82b40000 - 0x00007fff82b56000 	D:\AS\jre\jre\bin\zip.dll
0x00007fff96790000 - 0x00007fff97ca9000 	C:\Windows\system32\SHELL32.dll
0x00007fff95330000 - 0x00007fff95541000 	C:\Windows\SYSTEM32\combase.dll
0x00007fff95710000 - 0x00007fff95764000 	C:\Windows\system32\SHLWAPI.dll
0x00007fff93a80000 - 0x00007fff93b32000 	C:\Windows\SYSTEM32\SHCORE.dll
0x00007fff94e00000 - 0x00007fff94e15000 	C:\Windows\SYSTEM32\profapi.dll
0x00007fff7ca50000 - 0x00007fff7ca6a000 	D:\AS\jre\jre\bin\net.dll
0x00007fff94610000 - 0x00007fff94669000 	C:\Windows\system32\mswsock.dll
0x00007fff7c070000 - 0x00007fff7c081000 	D:\AS\jre\jre\bin\nio.dll
0x00007fff73e50000 - 0x00007fff73e6e000 	C:\Users\home\.gradle\native\25\windows-amd64\native-platform.dll
0x00007fff85a80000 - 0x00007fff85a8d000 	D:\AS\jre\jre\bin\management.dll
0x00007fff94670000 - 0x00007fff94690000 	C:\Windows\SYSTEM32\CRYPTSP.dll
0x00007fff94290000 - 0x00007fff942c6000 	C:\Windows\system32\rsaenh.dll
0x00007fff948c0000 - 0x00007fff948e6000 	C:\Windows\SYSTEM32\bcrypt.dll
0x00007fff943a0000 - 0x00007fff943c1000 	C:\Windows\SYSTEM32\USERENV.dll
0x00007fff94cd0000 - 0x00007fff94d33000 	C:\Windows\system32\bcryptprimitives.dll
0x00007fff94d40000 - 0x00007fff94d4b000 	C:\Windows\SYSTEM32\CRYPTBASE.dll
0x00007fff8ea90000 - 0x00007fff8eaba000 	C:\Windows\SYSTEM32\IPHLPAPI.DLL
0x00007fff8ea60000 - 0x00007fff8ea6a000 	C:\Windows\SYSTEM32\WINNSI.DLL
0x00007fff8e950000 - 0x00007fff8e966000 	C:\Windows\SYSTEM32\dhcpcsvc6.DLL
0x00007fff8e930000 - 0x00007fff8e94a000 	C:\Windows\SYSTEM32\dhcpcsvc.DLL
0x00007fff61690000 - 0x00007fff61828000 	D:\AS\jre\jre\bin\awt.dll
0x00007fff95780000 - 0x00007fff95841000 	C:\Windows\system32\OLEAUT32.dll
0x00007fff8d840000 - 0x00007fff8dcc1000 	C:\Windows\SYSTEM32\d2d1.dll
0x00007fff93500000 - 0x00007fff9358e000 	C:\Windows\system32\apphelp.dll
0x00007fff92d30000 - 0x00007fff92d51000 	C:\Windows\system32\DWMAPI.DLL
0x00007fff935d0000 - 0x00007fff936f9000 	C:\Windows\system32\uxtheme.dll
0x00007fff8df70000 - 0x00007fff8e0fa000 	C:\Windows\SYSTEM32\dbghelp.dll

VM Arguments:
jvm_args: -XX:MaxPermSize=512m -XX:+HeapDumpOnOutOfMemoryError -Xmx2048m -Dfile.encoding=UTF-8 -Duser.country=US -Duser.language=en -Duser.variant 
java_command: org.gradle.launcher.daemon.bootstrap.GradleDaemon 4.4
java_class_path (initial): C:\Users\home\.gradle\wrapper\dists\gradle-4.4-all\9br9xq1tocpiv8o6njlyu5op1\gradle-4.4\lib\gradle-launcher-4.4.jar
Launcher Type: SUN_STANDARD

Environment Variables:
PATH=C:\Program Files\NVIDIA GPU Computing Toolkit\CUDA\v10.0\bin;C:\Program Files\NVIDIA GPU Computing Toolkit\CUDA\v10.0\libnvvp;C:\Program Files\NVIDIA GPU Computing Toolkit\CUDA\v10.1\bin;C:\Program Files\NVIDIA GPU Computing Toolkit\CUDA\v10.1\libnvvp;C:\Program Files (x86)\Common Files\Intel\Shared Libraries\redist\intel64\compiler;C:\Program Files (x86)\Common Files\Oracle\Java\javapath;path\to\ffmpeg\bin;C:\Program Files\Python 3.5\Scripts\;C:\Program Files\Python 3.5\;C:\Program Files\Python37\Scripts\;C:\Program Files\Python37\;C:\Windows\system32;C:\Windows;C:\Windows\System32\Wbem;C:\Windows\System32\WindowsPowerShell\v1.0\;C:\Program Files\nodejs\;C:\Program Files\Git\cmd;C:\Users\home\AppData\Local\Programs\Microsoft VS Code\bin;C:\Users\home\AppData\Roaming\npm;C:\Program Files (x86)\NVIDIA Corporation\PhysX\Common;C:\Program Files\NVIDIA Corporation\NVIDIA NvDLISR;C:\Users\MedPraxVideo\resources\engine;C:\Users\MedPraxVideo\resources\engine;C:\Users\MedPraxVideo\resources\engine;C:\Users\MedPraxVideo\resources\engine;C:\Users\MedPraxVideo\resources\engine;C:\Users\MedPraxVideo\resources\engine;C:\Users\MedPraxVideo\resources\engine;C:\Users\MedPraxVideo\resources\engine;;C:\Users\home\AppData\Local\Programs\Microsoft VS Code\bin;C:\Users\home\AppData\Roaming\npm;C:\Python27;E:\Downloads\poppler-0.68.0_x86\poppler-0.68.0\bin;D:\OpenCV\opencv\build\x64\vc15\bin;D:\NWjs;E:\Downloads\cudnn-10.1-windows7-x64-v7.6.4.38\cuda\bin;C:\Program Files\NVIDIA GPU Computing Toolkit\CUDA\v10.1\bin;C:\Program Files\NVIDIA GPU Computing Toolkit\CUDA\v10.1\extras\CUPTI\lib64;C:\Program Files\NVIDIA GPU Computing Toolkit\CUDA\v10.1\include;E:\Downloads\bazel;C:\msys64\usr\bin;E:\SDK\platform-tools
USERNAME=home
OS=Windows_NT
PROCESSOR_IDENTIFIER=Intel64 Family 6 Model 58 Stepping 9, GenuineIntel



---------------  S Y S T E M  ---------------

OS: Windows 8.1 , 64 bit Build 9600 (6.3.9600.17415)

CPU:total 4 (initial active 4) (4 cores per cpu, 1 threads per core) family 6 model 58 stepping 9, cmov, cx8, fxsr, mmx, sse, sse2, sse3, ssse3, sse4.1, sse4.2, popcnt, avx, aes, clmul, erms, tsc, tscinvbit, tscinv

Memory: 4k page, physical 8334524k(1626048k free), swap 16723132k(8515200k free)

vm_info: OpenJDK 64-Bit Server VM (25.152-b01) for windows-amd64 JRE (1.8.0_152-release-1343-b01), built by "builder" with MS VC++ 10.0 (VS2010)

time: Tue Oct 22 15:59:07 2019
elapsed time: 4269 seconds (0d 1h 11m 9s)

